<?xml version="1.0" encoding="UTF-8"?>
<!-- Generated by org.testng.reporters.JUnitXMLReporter -->
<testsuite ignored="0" hostname="DESKTOP-88MGC53" failures="1" tests="3" name="Surefire test" time="49.365" errors="0" timestamp="2023-05-07T13:15:49 IST">
  <testcase classname="io.cucumber.testng.AbstractTestNGCucumberTests" name="runScenario" time="12.194"/>
  <testcase classname="io.cucumber.testng.AbstractTestNGCucumberTests" name="runScenario" time="19.452"/>
  <testcase classname="io.cucumber.testng.AbstractTestNGCucumberTests" name="runScenario" time="16.801">
    <failure type="java.lang.AssertionError" message="null">
      <![CDATA[java.lang.AssertionError: null
at stepDefinations.OrangeHRMStepDefination.failed_the_test_case(OrangeHRMStepDefination.java:56)
at âœ½.failed the test case(file:///C:/Users/DELL/eclipse-workspace-latest/CucumberTestNG3/src/test/java/features/orangeHRM.feature:24)
... Removed 2 stack frames]]>
    </failure>
  </testcase> <!-- runScenario -->
</testsuite> <!-- Surefire test -->
