-------------------------------------------------------------------------------
Test set: TestSuite
-------------------------------------------------------------------------------
Tests run: 3, Failures: 1, Errors: 0, Skipped: 0, Time elapsed: 50.083 s <<< FAILURE! - in TestSuite
cucumberOptions.TestNGTestRunner.runScenario["Verify search user functionality in admin page", "automate test cases of orange hrm"](3)  Time elapsed: 16.801 s  <<< FAILURE!
java.lang.AssertionError: null

