<?xml version="1.0" encoding="UTF-8"?>
<testng-results ignored="0" total="1" passed="0" failed="1" skipped="0">
  <reporter-output>
  </reporter-output>
  <suite started-at="2023-05-07T11:50:13 IST" name="Default suite" finished-at="2023-05-07T11:50:38 IST" duration-ms="24869">
    <groups>
      <group name="cucumber">
        <method signature="AbstractTestNGCucumberTests.runScenario(io.cucumber.testng.PickleWrapper,io.cucumber.testng.FeatureWrapper)[pri:0, instance:cucumberOptions.FailedTestRunner@3f191845]" name="runScenario" class="io.cucumber.testng.AbstractTestNGCucumberTests"/>
      </group> <!-- cucumber -->
    </groups>
    <test started-at="2023-05-07T11:50:13 IST" name="Default test" finished-at="2023-05-07T11:50:38 IST" duration-ms="24869">
      <class name="cucumberOptions.FailedTestRunner">
        <test-method is-config="true" signature="setUpClass(org.testng.ITestContext)[pri:0, instance:cucumberOptions.FailedTestRunner@3f191845]" started-at="2023-05-07T11:50:13 IST" name="setUpClass" finished-at="2023-05-07T11:50:14 IST" duration-ms="893" status="PASS">
          <params>
            <param index="0">
              <value>
                <![CDATA[org.testng.TestRunner@4f3e9fbb]]>
              </value>
            </param>
          </params>
          <reporter-output>
          </reporter-output>
        </test-method> <!-- setUpClass -->
        <test-method signature="runScenario(io.cucumber.testng.PickleWrapper,io.cucumber.testng.FeatureWrapper)[pri:0, instance:cucumberOptions.FailedTestRunner@3f191845]" started-at="2023-05-07T11:50:14 IST" name="runScenario" description="Runs Cucumber Scenarios" data-provider="scenarios" finished-at="2023-05-07T11:50:38 IST" duration-ms="23674" status="FAIL">
          <params>
            <param index="0">
              <value>
                <![CDATA["Verify search user functionality in admin page"]]>
              </value>
            </param>
            <param index="1">
              <value>
                <![CDATA["automate test cases of orange hrm"]]>
              </value>
            </param>
          </params>
          <exception class="java.lang.AssertionError">
            <message>
              <![CDATA[null]]>
            </message>
            <full-stacktrace>
              <![CDATA[java.lang.AssertionError: null
at org.testng.Assert.fail(Assert.java:110)
at org.testng.Assert.fail(Assert.java:115)
at stepDefinations.OrangeHRMStepDefination.failed_the_test_case(OrangeHRMStepDefination.java:56)
at âœ½.failed the test case(file:///C:/Users/DELL/eclipse-workspace-latest/CucumberTestNG3/src/test/java/features/orangeHRM.feature:24)
]]>
            </full-stacktrace>
          </exception> <!-- java.lang.AssertionError -->
          <reporter-output>
          </reporter-output>
        </test-method> <!-- runScenario -->
        <test-method is-config="true" signature="tearDownClass()[pri:0, instance:cucumberOptions.FailedTestRunner@3f191845]" started-at="2023-05-07T11:50:38 IST" name="tearDownClass" finished-at="2023-05-07T11:50:38 IST" duration-ms="224" status="PASS">
          <reporter-output>
          </reporter-output>
        </test-method> <!-- tearDownClass -->
      </class> <!-- cucumberOptions.FailedTestRunner -->
    </test> <!-- Default test -->
  </suite> <!-- Default suite -->
</testng-results>
