<?xml version="1.0" encoding="UTF-8"?>
<!-- Generated by org.testng.reporters.JUnitReportReporter -->
<testsuite hostname="DESKTOP-88MGC53" failures="1" tests="1" name="cucumberOptions.FailedTestRunner" time="23.674" errors="0" timestamp="2023-05-07T11:50:38 IST" skipped="0">
  <testcase classname="cucumberOptions.FailedTestRunner" name="runScenario" time="23.674">
    <failure message="null" type="java.lang.AssertionError">
      <![CDATA[java.lang.AssertionError: null
at org.testng.Assert.fail(Assert.java:110)
at org.testng.Assert.fail(Assert.java:115)
at stepDefinations.OrangeHRMStepDefination.failed_the_test_case(OrangeHRMStepDefination.java:56)
at âœ½.failed the test case(file:///C:/Users/DELL/eclipse-workspace-latest/CucumberTestNG3/src/test/java/features/orangeHRM.feature:24)
]]>
    </failure>
  </testcase> <!-- runScenario -->
  <system-out/>
</testsuite> <!-- cucumberOptions.FailedTestRunner -->
